0 info it worked if it ends with ok
1 verbose cli [ '/usr/bin/node',
1 verbose cli   '/bin/npm',
1 verbose cli   'run',
1 verbose cli   'test-single-run',
1 verbose cli   '--',
1 verbose cli   '--browsers',
1 verbose cli   'PhantomJS' ]
2 info using npm@3.10.10
3 info using node@v6.13.0
4 verbose run-script [ 'pretest-single-run',
4 verbose run-script   'test-single-run',
4 verbose run-script   'posttest-single-run' ]
5 info lifecycle solitaire@0.0.0~pretest-single-run: solitaire@0.0.0
6 silly lifecycle solitaire@0.0.0~pretest-single-run: no script for pretest-single-run, continuing
7 info lifecycle solitaire@0.0.0~test-single-run: solitaire@0.0.0
8 verbose lifecycle solitaire@0.0.0~test-single-run: unsafe-perm in lifecycle true
9 verbose lifecycle solitaire@0.0.0~test-single-run: PATH: /usr/lib/node_modules/npm/bin/node-gyp-bin:/root/jenkins2/solitaire/node_modules/.bin:/usr/local/sbin:/usr/local/bin:/usr/sbin:/usr/bin:/root/bin
10 verbose lifecycle solitaire@0.0.0~test-single-run: CWD: /root/jenkins2/solitaire
11 silly lifecycle solitaire@0.0.0~test-single-run: Args: [ '-c',
11 silly lifecycle   'karma start karma.conf.js --single-run "--browsers" "PhantomJS"' ]
12 silly lifecycle solitaire@0.0.0~test-single-run: Returned: code: 1  signal: null
13 info lifecycle solitaire@0.0.0~test-single-run: Failed to exec test-single-run script
14 verbose stack Error: solitaire@0.0.0 test-single-run: `karma start karma.conf.js --single-run "--browsers" "PhantomJS"`
14 verbose stack Exit status 1
14 verbose stack     at EventEmitter.<anonymous> (/usr/lib/node_modules/npm/lib/utils/lifecycle.js:255:16)
14 verbose stack     at emitTwo (events.js:106:13)
14 verbose stack     at EventEmitter.emit (events.js:191:7)
14 verbose stack     at ChildProcess.<anonymous> (/usr/lib/node_modules/npm/lib/utils/spawn.js:40:14)
14 verbose stack     at emitTwo (events.js:106:13)
14 verbose stack     at ChildProcess.emit (events.js:191:7)
14 verbose stack     at maybeClose (internal/child_process.js:920:16)
14 verbose stack     at Process.ChildProcess._handle.onexit (internal/child_process.js:230:5)
15 verbose pkgid solitaire@0.0.0
16 verbose cwd /root/jenkins2/solitaire
17 error Linux 3.10.0-514.26.2.el7.x86_64
18 error argv "/usr/bin/node" "/bin/npm" "run" "test-single-run" "--" "--browsers" "PhantomJS"
19 error node v6.13.0
20 error npm  v3.10.10
21 error code ELIFECYCLE
22 error solitaire@0.0.0 test-single-run: `karma start karma.conf.js --single-run "--browsers" "PhantomJS"`
22 error Exit status 1
23 error Failed at the solitaire@0.0.0 test-single-run script 'karma start karma.conf.js --single-run "--browsers" "PhantomJS"'.
23 error Make sure you have the latest version of node.js and npm installed.
23 error If you do, this is most likely a problem with the solitaire package,
23 error not with npm itself.
23 error Tell the author that this fails on your system:
23 error     karma start karma.conf.js --single-run "--browsers" "PhantomJS"
23 error You can get information on how to open an issue for this project with:
23 error     npm bugs solitaire
23 error Or if that isn't available, you can get their info via:
23 error     npm owner ls solitaire
23 error There is likely additional logging output above.
24 verbose exit [ 1, true ]
